INFO Application started successfully
WARN Cache miss rate increased
ERROR Failed to load configuration file
FATAL Application terminated unexpectedly
[2010-04-24 07:51:55,862] DEBUG - [main] There was an error sending the SOAP request to web service
[2010-04-24 07:51:56,862] INFO - [main] Import Request Submission Status: Started
[2010-04-24 07:52:01,268] ERROR - [main] Failed to connect to payment gateway
[2010-04-24 07:52:07,284] FATAL - [main] Server crashed due to out of memory
[2010-04-24 08:01:10,112] DEBUG - [main] Initializing BulkOpsClient
[2010-04-24 08:01:12,345]  INFO - [main] Successfully connected to CRM service
[2010-04-24 08:01:15,678] WARN - [main] Response time exceeded threshold for SOAP call
[2010-04-24 08:01:18,901] ERROR - [main] Failed to connect to payment gateway
[2010-04-24 08:01:22,444] FATAL - [main] Server crashed due to out of memory
[2024-11-01 14:22:01,120] INFO - [http-nio-8080-exec-3] User login successful
[2024-11-01 14:22:03,456] ERROR - [http-nio-8080-exec-3] NullPointerException in OrderService
[2024-11-01 14:22:05,789] WARN - [http-nio-8080-exec-5] Slow database query detected
[2024-11-01 14:22:08,999] ERROR - [http-nio-8080-exec-1] Database connection timeout
[2024-11-01 02:15:10,000] INFO - [system] Disk usage at 60%
[2024-11-01 02:16:45,220] WARN - [system] Disk usage exceeded 85%
[2024-11-01 02:17:30,900] ERROR - [system] Unable to write to disk
[2024-11-01 02:18:00,111] FATAL - [system] System halted due to disk failure
[2024-11-01 10:05:12,333] INFO - [api] Sending request to external service
[2024-11-01 10:05:15,777] WARN - [api] Request latency is high
[2024-11-01 10:05:18,999] ERROR - [api] HTTP 502 Bad Gateway received
[2024-11-01 10:05:22,555] ERROR - [api] Retry attempt failed due to timeout
[2024-11-01 22:45:01,101] WARN - [security] Multiple failed login attempts detected
[2024-11-01 22:45:05,555] ERROR - [security] Unauthorized access attempt from IP 192.168.1.10
[2024-11-01 22:45:10,999] FATAL - [security] Account locked due to suspicious activity
